        -:    0:Source:try.c
        -:    0:Graph:try.gcno
        -:    0:Data:try.gcda
        -:    0:Runs:1
        -:    0:Programs:1
        -:    1:#include<stdio.h>
        -:    2:/*int main(){
        -:    3:	int i;
        -:    4:	for(i=1; i<=10; i++){
        -:    5:		if(i%3 == 0)
        -:    6:			printf("%d is divisible by 3\n", i);
        -:    7:		if(i%11 == 0)
        -:    8:			printf("%d is divisible by 11\n", i);
        -:    9:	}
        -:   10:	return 0;
        -:   11:}*/
        1:   12:int main(){
        1:   13:	int flag = 11;
        7:   14:	while(--flag){
        5:   15:		if(printf("(Santa)")- --flag)
        4:   16:			printf("(Banta)");
        -:   17:		else
        1:   18:			printf("(Santa)");
        -:   19:	}
        1:   20:	return 0;
        -:   21:}
